Using pre-set license
Built from '2020.3/staging' branch; Version is '2020.3.16f1 (049d6eca3c44) revision 302446'; Using compiler version '192528614'; Build Type 'Release'
OS: 'Windows 10 Pro; OS build 19042.1348; Version 2009; 64bit' Language: 'es' Physical Memory: 16297 MB
BatchMode: 1, IsHumanControllingUs: 0, StartBugReporterOnCrash: 0, Is64bit: 1, IsPro: 0

 COMMAND LINE ARGUMENTS:
C:\Program Files\Unity\Hub\Editor\2020.3.16f1\Editor\Unity.exe
-adb2
-batchMode
-noUpm
-name
AssetImportWorker0
-projectPath
C:/Users/Usuario/Documents/Clip'sAdventuresInFantasyIsland/PaperGame
-logFile
Logs/AssetImportWorker0.log
-srvPort
63315
Successfully changed project path to: C:/Users/Usuario/Documents/Clip'sAdventuresInFantasyIsland/PaperGame
C:/Users/Usuario/Documents/Clip'sAdventuresInFantasyIsland/PaperGame
Using Asset Import Pipeline V2.
Refreshing native plugins compatible for Editor in 130.66 ms, found 2 plugins.
Preloading 0 native plugins for Editor in 0.00 ms.
Initialize engine version: 2020.3.16f1 (049d6eca3c44)
[Subsystems] Discovering subsystems at path C:/Program Files/Unity/Hub/Editor/2020.3.16f1/Editor/Data/Resources/UnitySubsystems
[Subsystems] Discovering subsystems at path C:/Users/Usuario/Documents/Clip'sAdventuresInFantasyIsland/PaperGame/Assets
GfxDevice: creating device client; threaded=0
Direct3D:
    Version:  Direct3D 11.0 [level 11.1]
    Renderer: NVIDIA GeForce RTX 3070 (ID=0x2484)
    Vendor:   
    VRAM:     8043 MB
    Driver:   27.21.14.5751
Shader 'Universal Render Pipeline/Particles/Lit': fallback shader 'Universal Render Pipeline/Particles/SimpleLit' not found
Initialize mono
Mono path[0] = 'C:/Program Files/Unity/Hub/Editor/2020.3.16f1/Editor/Data/Managed'
Mono path[1] = 'C:/Program Files/Unity/Hub/Editor/2020.3.16f1/Editor/Data/MonoBleedingEdge/lib/mono/unityjit'
Mono config path = 'C:/Program Files/Unity/Hub/Editor/2020.3.16f1/Editor/Data/MonoBleedingEdge/etc'
Using monoOptions --debugger-agent=transport=dt_socket,embedding=1,server=y,suspend=n,address=127.0.0.1:56184
Begin MonoManager ReloadAssembly
Registering precompiled unity dll's ...
Register platform support module: C:/Program Files/Unity/Hub/Editor/2020.3.16f1/Editor/Data/PlaybackEngines/WindowsStandaloneSupport/UnityEditor.WindowsStandalone.Extensions.dll
Registered in 0.002245 seconds.
Native extension for WindowsStandalone target not found
Refreshing native plugins compatible for Editor in 115.52 ms, found 2 plugins.
Preloading 0 native plugins for Editor in 0.00 ms.
Mono: successfully reloaded assembly
- Completed reload, in  1.083 seconds
Domain Reload Profiling:
	ReloadAssembly (1083ms)
		BeginReloadAssembly (40ms)
			ExecutionOrderSort (0ms)
			DisableScriptedObjects (0ms)
			BackupInstance (0ms)
			ReleaseScriptingObjects (0ms)
			CreateAndSetChildDomain (1ms)
		EndReloadAssembly (453ms)
			LoadAssemblies (38ms)
			RebuildTransferFunctionScriptingTraits (0ms)
			SetupTypeCache (152ms)
			ReleaseScriptCaches (0ms)
			RebuildScriptCaches (23ms)
			SetupLoadedEditorAssemblies (208ms)
				LogAssemblyErrors (0ms)
				InitializePlatformSupportModulesInManaged (3ms)
				SetLoadedEditorAssemblies (0ms)
				RefreshPlugins (116ms)
				BeforeProcessingInitializeOnLoad (6ms)
				ProcessInitializeOnLoadAttributes (62ms)
				ProcessInitializeOnLoadMethodAttributes (21ms)
				AfterProcessingInitializeOnLoad (0ms)
				EditorAssembliesLoaded (0ms)
			ExecutionOrderSort2 (0ms)
			AwakeInstancesAfterBackupRestoration (0ms)
Platform modules already initialized, skipping
Registering precompiled user dll's ...
Registered in 0.006829 seconds.
Begin MonoManager ReloadAssembly
Native extension for WindowsStandalone target not found
Refreshing native plugins compatible for Editor in 130.03 ms, found 2 plugins.
Preloading 0 native plugins for Editor in 0.00 ms.
Mono: successfully reloaded assembly
- Completed reload, in  1.518 seconds
Domain Reload Profiling:
	ReloadAssembly (1519ms)
		BeginReloadAssembly (113ms)
			ExecutionOrderSort (0ms)
			DisableScriptedObjects (3ms)
			BackupInstance (0ms)
			ReleaseScriptingObjects (0ms)
			CreateAndSetChildDomain (16ms)
		EndReloadAssembly (1352ms)
			LoadAssemblies (87ms)
			RebuildTransferFunctionScriptingTraits (0ms)
			SetupTypeCache (340ms)
			ReleaseScriptCaches (1ms)
			RebuildScriptCaches (86ms)
			SetupLoadedEditorAssemblies (731ms)
				LogAssemblyErrors (0ms)
				InitializePlatformSupportModulesInManaged (3ms)
				SetLoadedEditorAssemblies (0ms)
				RefreshPlugins (130ms)
				BeforeProcessingInitializeOnLoad (110ms)
				ProcessInitializeOnLoadAttributes (338ms)
				ProcessInitializeOnLoadMethodAttributes (144ms)
				AfterProcessingInitializeOnLoad (5ms)
				EditorAssembliesLoaded (0ms)
			ExecutionOrderSort2 (0ms)
			AwakeInstancesAfterBackupRestoration (5ms)
Platform modules already initialized, skipping
========================================================================
Worker process is ready to serve import requests
Shader 'Universal Render Pipeline/Particles/Lit': fallback shader 'Universal Render Pipeline/Particles/SimpleLit' not found
Launched and connected shader compiler UnityShaderCompiler.exe after 0.04 seconds
Refreshing native plugins compatible for Editor in 2.57 ms, found 2 plugins.
Preloading 0 native plugins for Editor in 0.00 ms.
Unloading 5844 Unused Serialized files (Serialized files now loaded: 0)
System memory in use before: 349.5 MB.
System memory in use after: 349.6 MB.

Unloading 67 unused Assets to reduce memory usage. Loaded Objects now: 6266.
Total: 10.217700 ms (FindLiveObjects: 0.843300 ms CreateObjectMapping: 0.213200 ms MarkObjects: 8.830900 ms  DeleteObjects: 0.327700 ms)

AssetImportParameters requested are different than current active one (requested -> active):
  custom:framework-win-MediaFoundation: 216162199b28c13a410421893ffa2e32 -> 
  custom:video-decoder-ogg-theora: a1e56fd34408186e4bbccfd4996cb3dc -> 
  custom:container-muxer-webm: aa71ff27fc2769a1b78a27578f13a17b -> 
  custom:container-demuxer-webm: 4f35f7cbe854078d1ac9338744f61a02 -> 
  custom:container-demuxer-ogg: 62fdf1f143b41e24485cea50d1cbac27 -> 
  custom:video-encoder-webm-vp8: eb34c28f22e8b96e1ab97ce403110664 -> 
  custom:video-decoder-webm-vp8: 9c59270c3fd7afecdb556c50c9e8de78 -> 
  custom:audio-decoder-ogg-vorbis: bf7c407c2cedff20999df2af8eb42d56 -> 
  custom:audio-encoder-webm-vorbis: bf7c407c2cedff20999df2af8eb42d56 -> 
========================================================================
Received Import Request.
  path: Assets/Scenes/DockAreaRubus/DockAreaRubus.unity
  artifactKey: Guid(6031eba62ccd8e74fb7e4e136a54caac) Importer(815301076,1909f56bfc062723c751e8b465ee728b)
Start importing Assets/Scenes/DockAreaRubus/DockAreaRubus.unity using Guid(6031eba62ccd8e74fb7e4e136a54caac) Importer(815301076,1909f56bfc062723c751e8b465ee728b)  -> (artifact id: '45bf033e8a972fab18bc824f986d4c21') in 0.030724 seconds 
  Import took 0.043632 seconds .

========================================================================
Received Import Request.
  Time since last request: 2.864833 seconds.
  path: Assets/Scenes/DockAreaRubus/DockAreaRubus
  artifactKey: Guid(fad508d6e703d534ba336629760e4cd3) Importer(815301076,1909f56bfc062723c751e8b465ee728b)
Start importing Assets/Scenes/DockAreaRubus/DockAreaRubus using Guid(fad508d6e703d534ba336629760e4cd3) Importer(815301076,1909f56bfc062723c751e8b465ee728b)  -> (artifact id: '6ddcaa0ecaf23f736cc2f75e52dbb6ff') in 0.005528 seconds 
  Import took 0.013900 seconds .

========================================================================
Received Import Request.
  Time since last request: 0.018699 seconds.
  path: Assets/Scenes/DockAreaRubus/DockAreaRubus/Global Volume Profile.asset
  artifactKey: Guid(c7169d6febed1784ca72c97415e64a00) Importer(815301076,1909f56bfc062723c751e8b465ee728b)
Start importing Assets/Scenes/DockAreaRubus/DockAreaRubus/Global Volume Profile.asset using Guid(c7169d6febed1784ca72c97415e64a00) Importer(815301076,1909f56bfc062723c751e8b465ee728b)  -> (artifact id: 'f41548793d635fc956f08a70aaf63df9') in 0.034608 seconds 
  Import took 0.043395 seconds .

========================================================================
Received Import Request.
  Time since last request: 0.000177 seconds.
  path: Assets/Scenes/DockAreaRubus/DockAreaRubus/NavMesh.asset
  artifactKey: Guid(9d2b78cc71152a446bc8e7bda997e635) Importer(815301076,1909f56bfc062723c751e8b465ee728b)
Start importing Assets/Scenes/DockAreaRubus/DockAreaRubus/NavMesh.asset using Guid(9d2b78cc71152a446bc8e7bda997e635) Importer(815301076,1909f56bfc062723c751e8b465ee728b)  -> (artifact id: 'b17eed889cc37187805cb2d1142229f5') in 0.005275 seconds 
  Import took 0.012423 seconds .

========================================================================
Received Import Request.
  Time since last request: 11.615859 seconds.
  path: Assets/Scenes/CombatMaker/Menu
  artifactKey: Guid(cafa7ec32fb2e5d4093eec5dd35aea8a) Importer(815301076,1909f56bfc062723c751e8b465ee728b)
Start importing Assets/Scenes/CombatMaker/Menu using Guid(cafa7ec32fb2e5d4093eec5dd35aea8a) Importer(815301076,1909f56bfc062723c751e8b465ee728b)  -> (artifact id: '94825109add13a2ac7f49101d32dd854') in 0.005282 seconds 
  Import took 0.013813 seconds .

========================================================================
Received Import Request.
  Time since last request: 0.466949 seconds.
  path: Assets/Scenes/CombatMaker/CombatMaker.unity
  artifactKey: Guid(571892bf7611f3e4db2764e7a3b135e5) Importer(815301076,1909f56bfc062723c751e8b465ee728b)
Start importing Assets/Scenes/CombatMaker/CombatMaker.unity using Guid(571892bf7611f3e4db2764e7a3b135e5) Importer(815301076,1909f56bfc062723c751e8b465ee728b)  -> (artifact id: 'f131736635c534f537b87b39f2368dd4') in 0.006144 seconds 
  Import took 0.014711 seconds .

========================================================================
Received Prepare
Registering precompiled user dll's ...
Registered in 0.006919 seconds.
Begin MonoManager ReloadAssembly
Native extension for WindowsStandalone target not found
Refreshing native plugins compatible for Editor in 1.45 ms, found 2 plugins.
Preloading 0 native plugins for Editor in 0.00 ms.
Mono: successfully reloaded assembly
- Completed reload, in  1.240 seconds
Domain Reload Profiling:
	ReloadAssembly (1241ms)
		BeginReloadAssembly (110ms)
			ExecutionOrderSort (0ms)
			DisableScriptedObjects (4ms)
			BackupInstance (0ms)
			ReleaseScriptingObjects (0ms)
			CreateAndSetChildDomain (41ms)
		EndReloadAssembly (1078ms)
			LoadAssemblies (88ms)
			RebuildTransferFunctionScriptingTraits (0ms)
			SetupTypeCache (315ms)
			ReleaseScriptCaches (3ms)
			RebuildScriptCaches (79ms)
			SetupLoadedEditorAssemblies (458ms)
				LogAssemblyErrors (0ms)
				InitializePlatformSupportModulesInManaged (4ms)
				SetLoadedEditorAssemblies (0ms)
				RefreshPlugins (1ms)
				BeforeProcessingInitializeOnLoad (122ms)
				ProcessInitializeOnLoadAttributes (295ms)
				ProcessInitializeOnLoadMethodAttributes (30ms)
				AfterProcessingInitializeOnLoad (5ms)
				EditorAssembliesLoaded (0ms)
			ExecutionOrderSort2 (0ms)
			AwakeInstancesAfterBackupRestoration (13ms)
Platform modules already initialized, skipping
Shader 'Universal Render Pipeline/Particles/Lit': fallback shader 'Universal Render Pipeline/Particles/SimpleLit' not found
Refreshing native plugins compatible for Editor in 1.45 ms, found 2 plugins.
Preloading 0 native plugins for Editor in 0.00 ms.
Unloading 5446 Unused Serialized files (Serialized files now loaded: 0)
System memory in use before: 322.8 MB.
System memory in use after: 322.9 MB.

Unloading 57 unused Assets to reduce memory usage. Loaded Objects now: 6268.
Total: 6.632300 ms (FindLiveObjects: 0.551000 ms CreateObjectMapping: 0.145000 ms MarkObjects: 5.728100 ms  DeleteObjects: 0.206800 ms)

AssetImportParameters requested are different than current active one (requested -> active):
  custom:framework-win-MediaFoundation: 216162199b28c13a410421893ffa2e32 -> 
  custom:video-decoder-ogg-theora: a1e56fd34408186e4bbccfd4996cb3dc -> 
  custom:container-muxer-webm: aa71ff27fc2769a1b78a27578f13a17b -> 
  custom:container-demuxer-webm: 4f35f7cbe854078d1ac9338744f61a02 -> 
  custom:container-demuxer-ogg: 62fdf1f143b41e24485cea50d1cbac27 -> 
  custom:video-encoder-webm-vp8: eb34c28f22e8b96e1ab97ce403110664 -> 
  custom:video-decoder-webm-vp8: 9c59270c3fd7afecdb556c50c9e8de78 -> 
  custom:audio-decoder-ogg-vorbis: bf7c407c2cedff20999df2af8eb42d56 -> 
  custom:audio-encoder-webm-vorbis: bf7c407c2cedff20999df2af8eb42d56 -> 
========================================================================
Received Import Request.
  Time since last request: 368.414082 seconds.
  path: Assets/SkyboxClip.png
  artifactKey: Guid(01bb30c69f8f11f41bb4ab8c29f91e7d) Importer(815301076,1909f56bfc062723c751e8b465ee728b)
Start importing Assets/SkyboxClip.png using Guid(01bb30c69f8f11f41bb4ab8c29f91e7d) Importer(815301076,1909f56bfc062723c751e8b465ee728b)  -> (artifact id: '8ee28ef4c1c09b08db8be106bbc79a77') in 0.117494 seconds 
  Import took 0.128584 seconds .

========================================================================
Received Import Request.
  Time since last request: 0.003439 seconds.
  path: Assets/SkyboxClip.png
  artifactKey: Guid(01bb30c69f8f11f41bb4ab8c29f91e7d) Importer(815301076,1909f56bfc062723c751e8b465ee728b)
Start importing Assets/SkyboxClip.png using Guid(01bb30c69f8f11f41bb4ab8c29f91e7d) Importer(815301076,1909f56bfc062723c751e8b465ee728b)  -> (artifact id: '8ee28ef4c1c09b08db8be106bbc79a77') in 0.024361 seconds 
  Import took 0.033472 seconds .

========================================================================
Received Import Request.
  Time since last request: 37.761844 seconds.
  path: Assets/OverworldPrefab/CommonObjects
  artifactKey: Guid(f084a4d176473224bbcfecbfd6d67966) Importer(815301076,1909f56bfc062723c751e8b465ee728b)
Start importing Assets/OverworldPrefab/CommonObjects using Guid(f084a4d176473224bbcfecbfd6d67966) Importer(815301076,1909f56bfc062723c751e8b465ee728b)  -> (artifact id: '87bb7a79712db41352038436e279bfc0') in 0.006301 seconds 
  Import took 0.015154 seconds .

========================================================================
Received Import Request.
  Time since last request: 2.970200 seconds.
  path: Assets/OverworldPrefab/Managers
  artifactKey: Guid(bde8ece1d958fbb43a65bfce1bb7ba79) Importer(815301076,1909f56bfc062723c751e8b465ee728b)
Start importing Assets/OverworldPrefab/Managers using Guid(bde8ece1d958fbb43a65bfce1bb7ba79) Importer(815301076,1909f56bfc062723c751e8b465ee728b)  -> (artifact id: 'aea1166328e2f1418cb238c9a507f464') in 0.005758 seconds 
  Import took 0.014030 seconds .

========================================================================
Received Import Request.
  Time since last request: 0.046194 seconds.
  path: Assets/OverworldPrefab/Managers/OverworldController.prefab
  artifactKey: Guid(73b6a1165c26b5749b2060b516b9f945) Importer(815301076,1909f56bfc062723c751e8b465ee728b)
Start importing Assets/OverworldPrefab/Managers/OverworldController.prefab using Guid(73b6a1165c26b5749b2060b516b9f945) Importer(815301076,1909f56bfc062723c751e8b465ee728b)  -> (artifact id: '3c8042fa9c68816e553e873396a75659') in 0.085750 seconds 
  Import took 0.094608 seconds .

========================================================================
Received Import Request.
  Time since last request: 1.204324 seconds.
  path: Assets/OverworldPrefab/CharacterScripts
  artifactKey: Guid(a020e0e402cb0fd48bed59cdcdafcf23) Importer(815301076,1909f56bfc062723c751e8b465ee728b)
Start importing Assets/OverworldPrefab/CharacterScripts using Guid(a020e0e402cb0fd48bed59cdcdafcf23) Importer(815301076,1909f56bfc062723c751e8b465ee728b)  -> (artifact id: '1678fdfddeab6a52932f07153404b605') in 0.005687 seconds 
  Import took 0.013781 seconds .

========================================================================
Received Import Request.
  Time since last request: 0.029788 seconds.
  path: Assets/OverworldPrefab/CharacterScripts/FriendlyNPC.prefab
  artifactKey: Guid(0c2fc822f8d5f344a819064f6c5ae741) Importer(815301076,1909f56bfc062723c751e8b465ee728b)
Start importing Assets/OverworldPrefab/CharacterScripts/FriendlyNPC.prefab using Guid(0c2fc822f8d5f344a819064f6c5ae741) Importer(815301076,1909f56bfc062723c751e8b465ee728b)  -> (artifact id: 'b6b57813cd8247e9686a8f14299b4487') in 0.009299 seconds 
  Import took 0.017692 seconds .

========================================================================
Received Import Request.
  Time since last request: 1.090826 seconds.
  path: Assets/OverworldPrefab
  artifactKey: Guid(055f181439149d54ebdc397087bb31c5) Importer(815301076,1909f56bfc062723c751e8b465ee728b)
Start importing Assets/OverworldPrefab using Guid(055f181439149d54ebdc397087bb31c5) Importer(815301076,1909f56bfc062723c751e8b465ee728b)  -> (artifact id: '5d28933fc8c4ef9e7b69fb46c5e2f43f') in 0.005372 seconds 
  Import took 0.013546 seconds .

========================================================================
Received Import Request.
  Time since last request: 9.743890 seconds.
  path: Assets/DefaultVolume.prefab
  artifactKey: Guid(e14b3528d9e96544890dd23e353195c9) Importer(815301076,1909f56bfc062723c751e8b465ee728b)
Start importing Assets/DefaultVolume.prefab using Guid(e14b3528d9e96544890dd23e353195c9) Importer(815301076,1909f56bfc062723c751e8b465ee728b)  -> (artifact id: '9d9deb2436a842276814a70923f33171') in 0.014948 seconds 
  Import took 0.023599 seconds .

========================================================================
Received Import Request.
  Time since last request: 0.003210 seconds.
  path: Assets/DefaultVolume.prefab
  artifactKey: Guid(e14b3528d9e96544890dd23e353195c9) Importer(815301076,1909f56bfc062723c751e8b465ee728b)
Start importing Assets/DefaultVolume.prefab using Guid(e14b3528d9e96544890dd23e353195c9) Importer(815301076,1909f56bfc062723c751e8b465ee728b)  -> (artifact id: '9d9deb2436a842276814a70923f33171') in 0.006243 seconds 
  Import took 0.015054 seconds .

========================================================================
Received Import Request.
  Time since last request: 12.220527 seconds.
  path: Assets/SkyboxClipWowy.png
  artifactKey: Guid(0bfa0f3327b13a649bd24ac19c61dc89) Importer(815301076,1909f56bfc062723c751e8b465ee728b)
Start importing Assets/SkyboxClipWowy.png using Guid(0bfa0f3327b13a649bd24ac19c61dc89) Importer(815301076,1909f56bfc062723c751e8b465ee728b)  -> (artifact id: '7224e838cac58529a90c25cc157cc508') in 0.034919 seconds 
  Import took 0.043528 seconds .

========================================================================
Received Import Request.
  Time since last request: 27.801659 seconds.
  path: Assets/SkyboxClipWowy.png
  artifactKey: Guid(0bfa0f3327b13a649bd24ac19c61dc89) Importer(815301076,1909f56bfc062723c751e8b465ee728b)
Start importing Assets/SkyboxClipWowy.png using Guid(0bfa0f3327b13a649bd24ac19c61dc89) Importer(815301076,1909f56bfc062723c751e8b465ee728b)  -> (artifact id: '3ca4ff8a4f80ae74f7e6e494bd3f5c4b') in 0.021944 seconds 
  Import took 0.031120 seconds .

========================================================================
Received Prepare
Registering precompiled user dll's ...
Registered in 0.006474 seconds.
Begin MonoManager ReloadAssembly
Native extension for WindowsStandalone target not found
Refreshing native plugins compatible for Editor in 1.52 ms, found 2 plugins.
Preloading 0 native plugins for Editor in 0.00 ms.
Mono: successfully reloaded assembly
- Completed reload, in  1.253 seconds
Domain Reload Profiling:
	ReloadAssembly (1254ms)
		BeginReloadAssembly (121ms)
			ExecutionOrderSort (0ms)
			DisableScriptedObjects (4ms)
			BackupInstance (0ms)
			ReleaseScriptingObjects (0ms)
			CreateAndSetChildDomain (42ms)
		EndReloadAssembly (1080ms)
			LoadAssemblies (83ms)
			RebuildTransferFunctionScriptingTraits (0ms)
			SetupTypeCache (318ms)
			ReleaseScriptCaches (3ms)
			RebuildScriptCaches (83ms)
			SetupLoadedEditorAssemblies (452ms)
				LogAssemblyErrors (0ms)
				InitializePlatformSupportModulesInManaged (4ms)
				SetLoadedEditorAssemblies (0ms)
				RefreshPlugins (2ms)
				BeforeProcessingInitializeOnLoad (111ms)
				ProcessInitializeOnLoadAttributes (298ms)
				ProcessInitializeOnLoadMethodAttributes (32ms)
				AfterProcessingInitializeOnLoad (5ms)
				EditorAssembliesLoaded (0ms)
			ExecutionOrderSort2 (0ms)
			AwakeInstancesAfterBackupRestoration (12ms)
Platform modules already initialized, skipping
Shader 'Universal Render Pipeline/Particles/Lit': fallback shader 'Universal Render Pipeline/Particles/SimpleLit' not found
Refreshing native plugins compatible for Editor in 1.42 ms, found 2 plugins.
Preloading 0 native plugins for Editor in 0.00 ms.
Unloading 5446 Unused Serialized files (Serialized files now loaded: 0)
System memory in use before: 326.4 MB.
System memory in use after: 326.5 MB.

Unloading 59 unused Assets to reduce memory usage. Loaded Objects now: 6304.
Total: 6.799200 ms (FindLiveObjects: 0.615500 ms CreateObjectMapping: 0.153600 ms MarkObjects: 5.852600 ms  DeleteObjects: 0.176400 ms)

AssetImportParameters requested are different than current active one (requested -> active):
  custom:framework-win-MediaFoundation: 216162199b28c13a410421893ffa2e32 -> 
  custom:video-decoder-ogg-theora: a1e56fd34408186e4bbccfd4996cb3dc -> 
  custom:container-muxer-webm: aa71ff27fc2769a1b78a27578f13a17b -> 
  custom:container-demuxer-webm: 4f35f7cbe854078d1ac9338744f61a02 -> 
  custom:container-demuxer-ogg: 62fdf1f143b41e24485cea50d1cbac27 -> 
  custom:video-encoder-webm-vp8: eb34c28f22e8b96e1ab97ce403110664 -> 
  custom:video-decoder-webm-vp8: 9c59270c3fd7afecdb556c50c9e8de78 -> 
  custom:audio-decoder-ogg-vorbis: bf7c407c2cedff20999df2af8eb42d56 -> 
  custom:audio-encoder-webm-vorbis: bf7c407c2cedff20999df2af8eb42d56 -> 
========================================================================
Received Import Request.
  Time since last request: 720.877917 seconds.
  path: Assets/SkyboxClipWowy.png
  artifactKey: Guid(0bfa0f3327b13a649bd24ac19c61dc89) Importer(815301076,1909f56bfc062723c751e8b465ee728b)
Start importing Assets/SkyboxClipWowy.png using Guid(0bfa0f3327b13a649bd24ac19c61dc89) Importer(815301076,1909f56bfc062723c751e8b465ee728b)  -> (artifact id: '4cc5169127a4279233ae8ad5fc5b0e88') in 0.067653 seconds 
  Import took 0.076902 seconds .

========================================================================
Received Prepare
Registering precompiled user dll's ...
Registered in 0.006723 seconds.
Begin MonoManager ReloadAssembly
Native extension for WindowsStandalone target not found
Refreshing native plugins compatible for Editor in 1.47 ms, found 2 plugins.
Preloading 0 native plugins for Editor in 0.00 ms.
Mono: successfully reloaded assembly
- Completed reload, in  1.245 seconds
Domain Reload Profiling:
	ReloadAssembly (1245ms)
		BeginReloadAssembly (117ms)
			ExecutionOrderSort (0ms)
			DisableScriptedObjects (4ms)
			BackupInstance (0ms)
			ReleaseScriptingObjects (0ms)
			CreateAndSetChildDomain (40ms)
		EndReloadAssembly (1076ms)
			LoadAssemblies (82ms)
			RebuildTransferFunctionScriptingTraits (0ms)
			SetupTypeCache (320ms)
			ReleaseScriptCaches (3ms)
			RebuildScriptCaches (81ms)
			SetupLoadedEditorAssemblies (454ms)
				LogAssemblyErrors (0ms)
				InitializePlatformSupportModulesInManaged (4ms)
				SetLoadedEditorAssemblies (0ms)
				RefreshPlugins (2ms)
				BeforeProcessingInitializeOnLoad (111ms)
				ProcessInitializeOnLoadAttributes (302ms)
				ProcessInitializeOnLoadMethodAttributes (30ms)
				AfterProcessingInitializeOnLoad (5ms)
				EditorAssembliesLoaded (0ms)
			ExecutionOrderSort2 (0ms)
			AwakeInstancesAfterBackupRestoration (12ms)
Platform modules already initialized, skipping
Shader 'Universal Render Pipeline/Particles/Lit': fallback shader 'Universal Render Pipeline/Particles/SimpleLit' not found
Refreshing native plugins compatible for Editor in 1.45 ms, found 2 plugins.
Preloading 0 native plugins for Editor in 0.00 ms.
Unloading 5446 Unused Serialized files (Serialized files now loaded: 0)
System memory in use before: 326.4 MB.
System memory in use after: 326.5 MB.

Unloading 57 unused Assets to reduce memory usage. Loaded Objects now: 6307.
Total: 7.401200 ms (FindLiveObjects: 0.589900 ms CreateObjectMapping: 0.147800 ms MarkObjects: 6.461400 ms  DeleteObjects: 0.200700 ms)

AssetImportParameters requested are different than current active one (requested -> active):
  custom:framework-win-MediaFoundation: 216162199b28c13a410421893ffa2e32 -> 
  custom:video-decoder-ogg-theora: a1e56fd34408186e4bbccfd4996cb3dc -> 
  custom:container-muxer-webm: aa71ff27fc2769a1b78a27578f13a17b -> 
  custom:container-demuxer-webm: 4f35f7cbe854078d1ac9338744f61a02 -> 
  custom:container-demuxer-ogg: 62fdf1f143b41e24485cea50d1cbac27 -> 
  custom:video-encoder-webm-vp8: eb34c28f22e8b96e1ab97ce403110664 -> 
  custom:video-decoder-webm-vp8: 9c59270c3fd7afecdb556c50c9e8de78 -> 
  custom:audio-decoder-ogg-vorbis: bf7c407c2cedff20999df2af8eb42d56 -> 
  custom:audio-encoder-webm-vorbis: bf7c407c2cedff20999df2af8eb42d56 -> 
========================================================================
Received Import Request.
  Time since last request: 90.192278 seconds.
  path: Assets/SkyboxClipWowy.png
  artifactKey: Guid(0bfa0f3327b13a649bd24ac19c61dc89) Importer(815301076,1909f56bfc062723c751e8b465ee728b)
Start importing Assets/SkyboxClipWowy.png using Guid(0bfa0f3327b13a649bd24ac19c61dc89) Importer(815301076,1909f56bfc062723c751e8b465ee728b)  -> (artifact id: '99d3a7fe830d19753a7ae938c0c355a2') in 0.061606 seconds 
  Import took 0.071008 seconds .

========================================================================
Received Prepare
Registering precompiled user dll's ...
Registered in 0.007001 seconds.
Begin MonoManager ReloadAssembly
Native extension for WindowsStandalone target not found
Refreshing native plugins compatible for Editor in 1.44 ms, found 2 plugins.
Preloading 0 native plugins for Editor in 0.00 ms.
Mono: successfully reloaded assembly
- Completed reload, in  1.246 seconds
Domain Reload Profiling:
	ReloadAssembly (1246ms)
		BeginReloadAssembly (121ms)
			ExecutionOrderSort (0ms)
			DisableScriptedObjects (4ms)
			BackupInstance (0ms)
			ReleaseScriptingObjects (0ms)
			CreateAndSetChildDomain (42ms)
		EndReloadAssembly (1072ms)
			LoadAssemblies (83ms)
			RebuildTransferFunctionScriptingTraits (0ms)
			SetupTypeCache (319ms)
			ReleaseScriptCaches (3ms)
			RebuildScriptCaches (77ms)
			SetupLoadedEditorAssemblies (457ms)
				LogAssemblyErrors (0ms)
				InitializePlatformSupportModulesInManaged (4ms)
				SetLoadedEditorAssemblies (0ms)
				RefreshPlugins (1ms)
				BeforeProcessingInitializeOnLoad (113ms)
				ProcessInitializeOnLoadAttributes (302ms)
				ProcessInitializeOnLoadMethodAttributes (30ms)
				AfterProcessingInitializeOnLoad (5ms)
				EditorAssembliesLoaded (0ms)
			ExecutionOrderSort2 (0ms)
			AwakeInstancesAfterBackupRestoration (13ms)
Platform modules already initialized, skipping
Shader 'Universal Render Pipeline/Particles/Lit': fallback shader 'Universal Render Pipeline/Particles/SimpleLit' not found
Refreshing native plugins compatible for Editor in 1.58 ms, found 2 plugins.
Preloading 0 native plugins for Editor in 0.00 ms.
Unloading 5446 Unused Serialized files (Serialized files now loaded: 0)
System memory in use before: 326.5 MB.
System memory in use after: 326.6 MB.

Unloading 57 unused Assets to reduce memory usage. Loaded Objects now: 6310.
Total: 6.604100 ms (FindLiveObjects: 0.562100 ms CreateObjectMapping: 0.150100 ms MarkObjects: 5.702500 ms  DeleteObjects: 0.188500 ms)

AssetImportParameters requested are different than current active one (requested -> active):
  custom:framework-win-MediaFoundation: 216162199b28c13a410421893ffa2e32 -> 
  custom:video-decoder-ogg-theora: a1e56fd34408186e4bbccfd4996cb3dc -> 
  custom:container-muxer-webm: aa71ff27fc2769a1b78a27578f13a17b -> 
  custom:container-demuxer-webm: 4f35f7cbe854078d1ac9338744f61a02 -> 
  custom:container-demuxer-ogg: 62fdf1f143b41e24485cea50d1cbac27 -> 
  custom:video-encoder-webm-vp8: eb34c28f22e8b96e1ab97ce403110664 -> 
  custom:video-decoder-webm-vp8: 9c59270c3fd7afecdb556c50c9e8de78 -> 
  custom:audio-decoder-ogg-vorbis: bf7c407c2cedff20999df2af8eb42d56 -> 
  custom:audio-encoder-webm-vorbis: bf7c407c2cedff20999df2af8eb42d56 -> 
AssetImportWorkerClient::OnTransportError - code=2 error=End of file
